<?xml version="1.0" encoding="UTF-8" ?>
<testsuite tests="3" failures="2" name="TestSuite" time="0.563" errors="0" skipped="0">
  <properties>
    <property name="java.runtime.name" value="Java(TM) SE Runtime Environment"/>
    <property name="sun.boot.library.path" value="C:\Program Files\Java\jdk1.8.0_101\jre\bin"/>
    <property name="java.vm.version" value="25.101-b13"/>
    <property name="java.vm.vendor" value="Oracle Corporation"/>
    <property name="java.vendor.url" value="http://java.oracle.com/"/>
    <property name="path.separator" value=";"/>
    <property name="java.vm.name" value="Java HotSpot(TM) 64-Bit Server VM"/>
    <property name="file.encoding.pkg" value="sun.io"/>
    <property name="user.script" value=""/>
    <property name="user.country" value="CN"/>
    <property name="sun.java.launcher" value="SUN_STANDARD"/>
    <property name="sun.os.patch.level" value=""/>
    <property name="java.vm.specification.name" value="Java Virtual Machine Specification"/>
    <property name="user.dir" value="D:\xwu\TestNgPro"/>
    <property name="java.runtime.version" value="1.8.0_101-b13"/>
    <property name="java.awt.graphicsenv" value="sun.awt.Win32GraphicsEnvironment"/>
    <property name="basedir" value="D:\xwu\TestNgPro"/>
    <property name="java.endorsed.dirs" value="C:\Program Files\Java\jdk1.8.0_101\jre\lib\endorsed"/>
    <property name="os.arch" value="amd64"/>
    <property name="surefire.real.class.path" value="C:\Users\xwu\AppData\Local\Temp\surefirebooter4132213241265654698.jar"/>
    <property name="java.io.tmpdir" value="C:\Users\xwu\AppData\Local\Temp\"/>
    <property name="line.separator" value="
"/>
    <property name="java.vm.specification.vendor" value="Oracle Corporation"/>
    <property name="user.variant" value=""/>
    <property name="os.name" value="Windows 10"/>
    <property name="sun.jnu.encoding" value="GBK"/>
    <property name="java.library.path" value="C:\Program Files\Java\jdk1.8.0_101\jre\bin;C:\WINDOWS\Sun\Java\bin;C:\WINDOWS\system32;C:\WINDOWS;D:\software\Oracle\product\11.2.0\dbhome_1\bin;C:\ProgramData\Oracle\Java\javapath;C:\WINDOWS\system32;C:\WINDOWS;C:\WINDOWS\System32\Wbem;C:\WINDOWS\System32\WindowsPowerShell\v1.0\;C:\Program Files\Java\jdk1.8.0_101\bin;C:\Program Files\Java\jdk1.8.0_101\jre\bin;C:\dev\software\maven\bin;D:\dev\putty;D:\android\Sdk\platform-tools;C:\dev\software\Git\cmd;C:\Program Files\nodejs\;D:\Program Files\mysql-8.0.12-winx64\bin;C:\Program Files\TortoiseSVN\bin;C:\dev\software\Git\usr\bin\;C:\dev\software\gradle-4.1\bin;C:\WINDOWS\System32\OpenSSH\;C:\Python27;C:\Users\xwu\AppData\Local\Microsoft\WindowsApps;C:\Users\xwu\AppData\Roaming\npm;C:\Users\xwu\AppData\Local\atom\bin;%USERPROFILE%\AppData\Local\Microsoft\WindowsApps;;."/>
    <property name="surefire.test.class.path" value="D:\xwu\TestNgPro\target\test-classes;D:\xwu\TestNgPro\target\classes;C:\dev\repository\org\testng\testng\6.8\testng-6.8.jar;C:\dev\repository\junit\junit\4.10\junit-4.10.jar;C:\dev\repository\org\hamcrest\hamcrest-core\1.1\hamcrest-core-1.1.jar;C:\dev\repository\org\beanshell\bsh\2.0b4\bsh-2.0b4.jar;C:\dev\repository\com\beust\jcommander\1.27\jcommander-1.27.jar;C:\dev\repository\org\yaml\snakeyaml\1.6\snakeyaml-1.6.jar;C:\dev\repository\org\seleniumhq\selenium\selenium-java\3.14.0\selenium-java-3.14.0.jar;C:\dev\repository\org\seleniumhq\selenium\selenium-api\3.14.0\selenium-api-3.14.0.jar;C:\dev\repository\org\seleniumhq\selenium\selenium-chrome-driver\3.14.0\selenium-chrome-driver-3.14.0.jar;C:\dev\repository\org\seleniumhq\selenium\selenium-edge-driver\3.14.0\selenium-edge-driver-3.14.0.jar;C:\dev\repository\org\seleniumhq\selenium\selenium-firefox-driver\3.14.0\selenium-firefox-driver-3.14.0.jar;C:\dev\repository\org\seleniumhq\selenium\selenium-ie-driver\3.14.0\selenium-ie-driver-3.14.0.jar;C:\dev\repository\org\seleniumhq\selenium\selenium-opera-driver\3.14.0\selenium-opera-driver-3.14.0.jar;C:\dev\repository\org\seleniumhq\selenium\selenium-safari-driver\3.14.0\selenium-safari-driver-3.14.0.jar;C:\dev\repository\org\seleniumhq\selenium\selenium-support\3.14.0\selenium-support-3.14.0.jar;C:\dev\repository\net\bytebuddy\byte-buddy\1.8.15\byte-buddy-1.8.15.jar;C:\dev\repository\org\apache\commons\commons-exec\1.3\commons-exec-1.3.jar;C:\dev\repository\commons-codec\commons-codec\1.10\commons-codec-1.10.jar;C:\dev\repository\commons-logging\commons-logging\1.2\commons-logging-1.2.jar;C:\dev\repository\com\google\guava\guava\25.0-jre\guava-25.0-jre.jar;C:\dev\repository\com\google\code\findbugs\jsr305\1.3.9\jsr305-1.3.9.jar;C:\dev\repository\org\checkerframework\checker-compat-qual\2.0.0\checker-compat-qual-2.0.0.jar;C:\dev\repository\com\google\errorprone\error_prone_annotations\2.1.3\error_prone_annotations-2.1.3.jar;C:\dev\repository\com\google\j2objc\j2objc-annotations\1.1\j2objc-annotations-1.1.jar;C:\dev\repository\org\codehaus\mojo\animal-sniffer-annotations\1.14\animal-sniffer-annotations-1.14.jar;C:\dev\repository\org\apache\httpcomponents\httpclient\4.5.5\httpclient-4.5.5.jar;C:\dev\repository\org\apache\httpcomponents\httpcore\4.4.9\httpcore-4.4.9.jar;C:\dev\repository\com\squareup\okhttp3\okhttp\3.10.0\okhttp-3.10.0.jar;C:\dev\repository\com\squareup\okio\okio\1.14.1\okio-1.14.1.jar;C:\dev\repository\org\seleniumhq\selenium\selenium-remote-driver\3.14.0\selenium-remote-driver-3.14.0.jar;"/>
    <property name="java.specification.name" value="Java Platform API Specification"/>
    <property name="java.class.version" value="52.0"/>
    <property name="sun.management.compiler" value="HotSpot 64-Bit Tiered Compilers"/>
    <property name="os.version" value="10.0"/>
    <property name="user.home" value="C:\Users\xwu"/>
    <property name="user.timezone" value="Asia/Shanghai"/>
    <property name="java.awt.printerjob" value="sun.awt.windows.WPrinterJob"/>
    <property name="java.specification.version" value="1.8"/>
    <property name="file.encoding" value="GBK"/>
    <property name="user.name" value="xwu"/>
    <property name="java.class.path" value="D:\xwu\TestNgPro\target\test-classes;D:\xwu\TestNgPro\target\classes;C:\dev\repository\org\testng\testng\6.8\testng-6.8.jar;C:\dev\repository\junit\junit\4.10\junit-4.10.jar;C:\dev\repository\org\hamcrest\hamcrest-core\1.1\hamcrest-core-1.1.jar;C:\dev\repository\org\beanshell\bsh\2.0b4\bsh-2.0b4.jar;C:\dev\repository\com\beust\jcommander\1.27\jcommander-1.27.jar;C:\dev\repository\org\yaml\snakeyaml\1.6\snakeyaml-1.6.jar;C:\dev\repository\org\seleniumhq\selenium\selenium-java\3.14.0\selenium-java-3.14.0.jar;C:\dev\repository\org\seleniumhq\selenium\selenium-api\3.14.0\selenium-api-3.14.0.jar;C:\dev\repository\org\seleniumhq\selenium\selenium-chrome-driver\3.14.0\selenium-chrome-driver-3.14.0.jar;C:\dev\repository\org\seleniumhq\selenium\selenium-edge-driver\3.14.0\selenium-edge-driver-3.14.0.jar;C:\dev\repository\org\seleniumhq\selenium\selenium-firefox-driver\3.14.0\selenium-firefox-driver-3.14.0.jar;C:\dev\repository\org\seleniumhq\selenium\selenium-ie-driver\3.14.0\selenium-ie-driver-3.14.0.jar;C:\dev\repository\org\seleniumhq\selenium\selenium-opera-driver\3.14.0\selenium-opera-driver-3.14.0.jar;C:\dev\repository\org\seleniumhq\selenium\selenium-safari-driver\3.14.0\selenium-safari-driver-3.14.0.jar;C:\dev\repository\org\seleniumhq\selenium\selenium-support\3.14.0\selenium-support-3.14.0.jar;C:\dev\repository\net\bytebuddy\byte-buddy\1.8.15\byte-buddy-1.8.15.jar;C:\dev\repository\org\apache\commons\commons-exec\1.3\commons-exec-1.3.jar;C:\dev\repository\commons-codec\commons-codec\1.10\commons-codec-1.10.jar;C:\dev\repository\commons-logging\commons-logging\1.2\commons-logging-1.2.jar;C:\dev\repository\com\google\guava\guava\25.0-jre\guava-25.0-jre.jar;C:\dev\repository\com\google\code\findbugs\jsr305\1.3.9\jsr305-1.3.9.jar;C:\dev\repository\org\checkerframework\checker-compat-qual\2.0.0\checker-compat-qual-2.0.0.jar;C:\dev\repository\com\google\errorprone\error_prone_annotations\2.1.3\error_prone_annotations-2.1.3.jar;C:\dev\repository\com\google\j2objc\j2objc-annotations\1.1\j2objc-annotations-1.1.jar;C:\dev\repository\org\codehaus\mojo\animal-sniffer-annotations\1.14\animal-sniffer-annotations-1.14.jar;C:\dev\repository\org\apache\httpcomponents\httpclient\4.5.5\httpclient-4.5.5.jar;C:\dev\repository\org\apache\httpcomponents\httpcore\4.4.9\httpcore-4.4.9.jar;C:\dev\repository\com\squareup\okhttp3\okhttp\3.10.0\okhttp-3.10.0.jar;C:\dev\repository\com\squareup\okio\okio\1.14.1\okio-1.14.1.jar;C:\dev\repository\org\seleniumhq\selenium\selenium-remote-driver\3.14.0\selenium-remote-driver-3.14.0.jar;"/>
    <property name="java.vm.specification.version" value="1.8"/>
    <property name="sun.arch.data.model" value="64"/>
    <property name="java.home" value="C:\Program Files\Java\jdk1.8.0_101\jre"/>
    <property name="sun.java.command" value="C:\Users\xwu\AppData\Local\Temp\surefirebooter4132213241265654698.jar C:\Users\xwu\AppData\Local\Temp\surefire8709786742567040739tmp C:\Users\xwu\AppData\Local\Temp\surefire4119772968686306337tmp"/>
    <property name="java.specification.vendor" value="Oracle Corporation"/>
    <property name="user.language" value="zh"/>
    <property name="awt.toolkit" value="sun.awt.windows.WToolkit"/>
    <property name="java.vm.info" value="mixed mode"/>
    <property name="java.version" value="1.8.0_101"/>
    <property name="java.ext.dirs" value="C:\Program Files\Java\jdk1.8.0_101\jre\lib\ext;C:\WINDOWS\Sun\Java\lib\ext"/>
    <property name="sun.boot.class.path" value="C:\Program Files\Java\jdk1.8.0_101\jre\lib\resources.jar;C:\Program Files\Java\jdk1.8.0_101\jre\lib\rt.jar;C:\Program Files\Java\jdk1.8.0_101\jre\lib\sunrsasign.jar;C:\Program Files\Java\jdk1.8.0_101\jre\lib\jsse.jar;C:\Program Files\Java\jdk1.8.0_101\jre\lib\jce.jar;C:\Program Files\Java\jdk1.8.0_101\jre\lib\charsets.jar;C:\Program Files\Java\jdk1.8.0_101\jre\lib\jfr.jar;C:\Program Files\Java\jdk1.8.0_101\jre\classes"/>
    <property name="java.vendor" value="Oracle Corporation"/>
    <property name="localRepository" value="C:\dev\repository"/>
    <property name="file.separator" value="\"/>
    <property name="java.vendor.url.bug" value="http://bugreport.sun.com/bugreport/"/>
    <property name="sun.cpu.endian" value="little"/>
    <property name="sun.io.unicode.encoding" value="UnicodeLittle"/>
    <property name="sun.desktop" value="windows"/>
    <property name="sun.cpu.isalist" value="amd64"/>
  </properties>
  <testcase classname="TestDemo" name="testCase1" time="0.008">
    <failure message="expected [true] but found [false]" type="java.lang.AssertionError">java.lang.AssertionError: expected [true] but found [false]
	at org.testng.Assert.fail(Assert.java:94)
	at org.testng.Assert.failNotEquals(Assert.java:494)
	at org.testng.Assert.assertTrue(Assert.java:42)
	at org.testng.Assert.assertTrue(Assert.java:52)
	at TestDemo.testCase1(TestDemo.java:8)
</failure>
  </testcase>
  <testcase classname="TestDemo" name="testCase2" time="0">
    <failure message="expected [true] but found [false]" type="java.lang.AssertionError">java.lang.AssertionError: expected [true] but found [false]
	at org.testng.Assert.fail(Assert.java:94)
	at org.testng.Assert.failNotEquals(Assert.java:494)
	at org.testng.Assert.assertTrue(Assert.java:42)
	at org.testng.Assert.assertTrue(Assert.java:52)
	at TestDemo.testCase2(TestDemo.java:14)
</failure>
  </testcase>
  <testcase classname="TestDemo" name="testCase3" time="0"/>
</testsuite>